Arguments: 
  /Users/kaiyilee/.nvm/versions/node/v9.4.0/bin/node /Users/kaiyilee/.yarn/bin/yarn.js start

PATH: 
  /Users/kaiyilee/.rvm/gems/ruby-2.3.1/bin:/Users/kaiyilee/.rvm/gems/ruby-2.3.1@global/bin:/Users/kaiyilee/.rvm/rubies/ruby-2.3.1/bin:/Users/kaiyilee/.yarn/bin:/Users/kaiyilee/.config/yarn/global/node_modules/.bin:/Users/kaiyilee/.nvm/versions/node/v9.4.0/bin:/Users/kaiyilee/Library/Python/2.7/bin:/Users/kaiyilee/bin:/usr/local/bin:/usr/local/bin:/usr/bin:/bin:/usr/sbin:/sbin:/Library/TeX/texbin:/Users/kaiyilee/Library/Android/sdk/tools:/Users/kaiyilee/Library/Android/sdk/platform-tools:/Users/kaiyilee/.rvm/bin

Yarn version: 
  1.5.1

Node version: 
  9.4.0

Platform: 
  darwin x64

npm manifest: 
  {
    "name": "startup-weekend-sg",
    "version": "1.0.0",
    "description": "Node.js application for startup weekend sg",
    "engines": {
      "node": "8.11.3"
    },
    "main": "index.js",
    "scripts": {
      "start": "node index.js",
      "test": "node test.js"
    },
    "dependencies": {
      "body-parser": "^1.18.3",
      "dotenv": "^6.0.0",
      "ejs": "^2.5.6",
      "express": "^4.15.2",
      "http": "0.0.0",
      "plivo": "^4.0.3",
      "socket.io": "^2.1.1"
    },
    "devDependencies": {
      "request": "^2.81.0",
      "tape": "^4.7.0"
    },
    "repository": {
      "type": "git",
      "url": "https://github.com/heroku/node-js-getting-started"
    },
    "keywords": [
      "node",
      "heroku",
      "express"
    ],
    "license": "MIT"
  }

yarn manifest: 
  No manifest

Lockfile: 
  No lockfile

Trace: 
  Error: Command failed.
  Exit code: 1
  Command: sh
  Arguments: -c node index.js
  Directory: /Users/kaiyilee/startup-weekend-sg
  Output:
  
      at ProcessTermError.MessageError (/Users/kaiyilee/.yarn/lib/cli.js:186:110)
      at new ProcessTermError (/Users/kaiyilee/.yarn/lib/cli.js:226:113)
      at ChildProcess.<anonymous> (/Users/kaiyilee/.yarn/lib/cli.js:30281:17)
      at ChildProcess.emit (events.js:160:13)
      at maybeClose (internal/child_process.js:943:16)
      at Process.ChildProcess._handle.onexit (internal/child_process.js:220:5)
